2017.02.04 19:08:20.647 CET INFO: *** SYSTEM START ***
2017.02.04 19:08:21.883 CET INFO: Loading triples -- ProtegeOWLParser.loadTriples()
2017.02.04 19:08:22.522 CET INFO: [ProtegeOWLParser] Completed triple loading after 536 ms -- ProtegeOWLParser.loadTriples()
2017.02.04 19:08:22.555 CET INFO: [TripleChangePostProcessor] Completed lists after 0 ms -- TripleChangePostProcessor.log()
2017.02.04 19:08:22.567 CET INFO: [TripleChangePostProcessor] Completed anonymous classes after 11 ms -- TripleChangePostProcessor.log()
2017.02.04 19:08:22.569 CET INFO: [TripleChangePostProcessor] Completed deprecated classes after 2 ms -- TripleChangePostProcessor.log()
2017.02.04 19:08:22.611 CET INFO: [TripleChangePostProcessor] Completed properties after 40 ms -- TripleChangePostProcessor.log()
2017.02.04 19:08:22.623 CET INFO: [TripleChangePostProcessor] Completed named classes after 11 ms -- TripleChangePostProcessor.log()
2017.02.04 19:08:22.626 CET INFO: ... Loading completed after 642 ms -- ProtegeOWLParser.loadTriples()
2017.02.04 19:42:29.061 CET INFO: *** SYSTEM START ***
2017.02.04 19:42:30.045 CET INFO: Loading triples -- ProtegeOWLParser.loadTriples()
2017.02.04 19:42:30.780 CET INFO: [ProtegeOWLParser] Completed triple loading after 616 ms -- ProtegeOWLParser.loadTriples()
2017.02.04 19:42:30.835 CET INFO: [TripleChangePostProcessor] Completed lists after 0 ms -- TripleChangePostProcessor.log()
2017.02.04 19:42:30.846 CET INFO: [TripleChangePostProcessor] Completed anonymous classes after 10 ms -- TripleChangePostProcessor.log()
2017.02.04 19:42:30.848 CET INFO: [TripleChangePostProcessor] Completed deprecated classes after 2 ms -- TripleChangePostProcessor.log()
2017.02.04 19:42:30.871 CET INFO: [TripleChangePostProcessor] Completed properties after 22 ms -- TripleChangePostProcessor.log()
2017.02.04 19:42:30.885 CET INFO: [TripleChangePostProcessor] Completed named classes after 12 ms -- TripleChangePostProcessor.log()
2017.02.04 19:42:30.887 CET INFO: ... Loading completed after 723 ms -- ProtegeOWLParser.loadTriples()
2017.02.04 19:46:40.091 CET INFO: *** SYSTEM START ***
2017.02.04 19:46:40.986 CET INFO: Loading triples -- ProtegeOWLParser.loadTriples()
2017.02.04 19:46:41.656 CET INFO: [ProtegeOWLParser] Completed triple loading after 576 ms -- ProtegeOWLParser.loadTriples()
2017.02.04 19:46:41.725 CET INFO: [TripleChangePostProcessor] Completed lists after 0 ms -- TripleChangePostProcessor.log()
2017.02.04 19:46:41.736 CET INFO: [TripleChangePostProcessor] Completed anonymous classes after 11 ms -- TripleChangePostProcessor.log()
2017.02.04 19:46:41.738 CET INFO: [TripleChangePostProcessor] Completed deprecated classes after 2 ms -- TripleChangePostProcessor.log()
2017.02.04 19:46:41.757 CET INFO: [TripleChangePostProcessor] Completed properties after 18 ms -- TripleChangePostProcessor.log()
2017.02.04 19:46:41.766 CET INFO: [TripleChangePostProcessor] Completed named classes after 9 ms -- TripleChangePostProcessor.log()
2017.02.04 19:46:41.769 CET INFO: ... Loading completed after 689 ms -- ProtegeOWLParser.loadTriples()
2017.02.04 19:47:21.885 CET INFO: *** SYSTEM START ***
2017.02.04 19:47:22.733 CET INFO: Loading triples -- ProtegeOWLParser.loadTriples()
2017.02.04 19:47:23.407 CET INFO: [ProtegeOWLParser] Completed triple loading after 571 ms -- ProtegeOWLParser.loadTriples()
2017.02.04 19:47:23.448 CET INFO: [TripleChangePostProcessor] Completed lists after 0 ms -- TripleChangePostProcessor.log()
2017.02.04 19:47:23.457 CET INFO: [TripleChangePostProcessor] Completed anonymous classes after 9 ms -- TripleChangePostProcessor.log()
2017.02.04 19:47:23.459 CET INFO: [TripleChangePostProcessor] Completed deprecated classes after 2 ms -- TripleChangePostProcessor.log()
2017.02.04 19:47:23.483 CET INFO: [TripleChangePostProcessor] Completed properties after 23 ms -- TripleChangePostProcessor.log()
2017.02.04 19:47:23.498 CET INFO: [TripleChangePostProcessor] Completed named classes after 14 ms -- TripleChangePostProcessor.log()
2017.02.04 19:47:23.499 CET INFO: ... Loading completed after 663 ms -- ProtegeOWLParser.loadTriples()
2017.02.04 20:15:24.405 CET INFO: *** SYSTEM START ***
2017.02.04 20:15:25.467 CET INFO: Loading triples -- ProtegeOWLParser.loadTriples()
2017.02.04 20:15:26.318 CET INFO: [ProtegeOWLParser] Completed triple loading after 743 ms -- ProtegeOWLParser.loadTriples()
2017.02.04 20:15:26.380 CET INFO: [TripleChangePostProcessor] Completed lists after 0 ms -- TripleChangePostProcessor.log()
2017.02.04 20:15:26.393 CET INFO: [TripleChangePostProcessor] Completed anonymous classes after 12 ms -- TripleChangePostProcessor.log()
2017.02.04 20:15:26.395 CET INFO: [TripleChangePostProcessor] Completed deprecated classes after 2 ms -- TripleChangePostProcessor.log()
2017.02.04 20:15:26.426 CET INFO: [TripleChangePostProcessor] Completed properties after 30 ms -- TripleChangePostProcessor.log()
2017.02.04 20:15:26.445 CET INFO: [TripleChangePostProcessor] Completed named classes after 19 ms -- TripleChangePostProcessor.log()
2017.02.04 20:15:26.458 CET INFO: ... Loading completed after 881 ms -- ProtegeOWLParser.loadTriples()
2017.02.04 21:08:27.207 CET INFO: *** SYSTEM START ***
2017.02.04 21:08:27.961 CET INFO: Loading triples -- ProtegeOWLParser.loadTriples()
2017.02.04 21:08:28.589 CET INFO: [ProtegeOWLParser] Completed triple loading after 548 ms -- ProtegeOWLParser.loadTriples()
2017.02.04 21:08:28.622 CET INFO: [TripleChangePostProcessor] Completed lists after 0 ms -- TripleChangePostProcessor.log()
2017.02.04 21:08:28.629 CET INFO: [TripleChangePostProcessor] Completed anonymous classes after 7 ms -- TripleChangePostProcessor.log()
2017.02.04 21:08:28.631 CET INFO: [TripleChangePostProcessor] Completed deprecated classes after 2 ms -- TripleChangePostProcessor.log()
2017.02.04 21:08:28.652 CET INFO: [TripleChangePostProcessor] Completed properties after 19 ms -- TripleChangePostProcessor.log()
2017.02.04 21:08:28.666 CET INFO: [TripleChangePostProcessor] Completed named classes after 13 ms -- TripleChangePostProcessor.log()
2017.02.04 21:08:28.669 CET INFO: ... Loading completed after 629 ms -- ProtegeOWLParser.loadTriples()
2017.02.04 21:09:31.682 CET INFO: *** SYSTEM START ***
2017.02.04 21:09:32.484 CET INFO: Loading triples -- ProtegeOWLParser.loadTriples()
2017.02.04 21:09:33.363 CET INFO: [ProtegeOWLParser] Completed triple loading after 758 ms -- ProtegeOWLParser.loadTriples()
2017.02.04 21:09:33.398 CET INFO: [TripleChangePostProcessor] Completed lists after 0 ms -- TripleChangePostProcessor.log()
2017.02.04 21:09:33.405 CET INFO: [TripleChangePostProcessor] Completed anonymous classes after 7 ms -- TripleChangePostProcessor.log()
2017.02.04 21:09:33.408 CET INFO: [TripleChangePostProcessor] Completed deprecated classes after 1 ms -- TripleChangePostProcessor.log()
2017.02.04 21:09:33.429 CET INFO: [TripleChangePostProcessor] Completed properties after 21 ms -- TripleChangePostProcessor.log()
2017.02.04 21:09:33.446 CET INFO: [TripleChangePostProcessor] Completed named classes after 16 ms -- TripleChangePostProcessor.log()
2017.02.04 21:09:33.450 CET INFO: ... Loading completed after 846 ms -- ProtegeOWLParser.loadTriples()
2017.02.08 23:34:46.732 CET INFO: *** SYSTEM START ***
2017.02.08 23:34:55.662 CET INFO: Loading triples -- ProtegeOWLParser.loadTriples()
2017.02.08 23:34:57.091 CET INFO: [ProtegeOWLParser] Completed triple loading after 1147 ms -- ProtegeOWLParser.loadTriples()
2017.02.08 23:34:57.195 CET INFO: [TripleChangePostProcessor] Completed lists after 0 ms -- TripleChangePostProcessor.log()
2017.02.08 23:34:57.226 CET INFO: [TripleChangePostProcessor] Completed anonymous classes after 29 ms -- TripleChangePostProcessor.log()
2017.02.08 23:34:57.228 CET INFO: [TripleChangePostProcessor] Completed deprecated classes after 1 ms -- TripleChangePostProcessor.log()
2017.02.08 23:34:57.259 CET INFO: [TripleChangePostProcessor] Completed properties after 31 ms -- TripleChangePostProcessor.log()
2017.02.08 23:34:57.303 CET INFO: [TripleChangePostProcessor] Completed named classes after 41 ms -- TripleChangePostProcessor.log()
2017.02.08 23:34:57.305 CET INFO: ... Loading completed after 1361 ms -- ProtegeOWLParser.loadTriples()
2017.05.01 10:54:19.469 CEST INFO: *** SYSTEM START ***
2017.05.01 10:54:20.959 CEST INFO: Loading triples -- ProtegeOWLParser.loadTriples()
2017.05.01 10:54:21.554 CEST INFO: [ProtegeOWLParser] Completed triple loading after 506 ms -- ProtegeOWLParser.loadTriples()
2017.05.01 10:54:21.589 CEST INFO: [TripleChangePostProcessor] Completed lists after 1 ms -- TripleChangePostProcessor.log()
2017.05.01 10:54:21.595 CEST INFO: [TripleChangePostProcessor] Completed anonymous classes after 6 ms -- TripleChangePostProcessor.log()
2017.05.01 10:54:21.597 CEST INFO: [TripleChangePostProcessor] Completed deprecated classes after 1 ms -- TripleChangePostProcessor.log()
2017.05.01 10:54:21.617 CEST INFO: [TripleChangePostProcessor] Completed properties after 20 ms -- TripleChangePostProcessor.log()
2017.05.01 10:54:21.628 CEST INFO: [TripleChangePostProcessor] Completed named classes after 11 ms -- TripleChangePostProcessor.log()
2017.05.01 10:54:21.632 CEST INFO: ... Loading completed after 587 ms -- ProtegeOWLParser.loadTriples()
2017.05.01 10:55:02.685 CEST INFO: *** SYSTEM START ***
2017.05.01 10:55:03.934 CEST INFO: Loading triples -- ProtegeOWLParser.loadTriples()
2017.05.01 10:55:04.720 CEST INFO: [ProtegeOWLParser] Completed triple loading after 672 ms -- ProtegeOWLParser.loadTriples()
2017.05.01 10:55:04.762 CEST INFO: [TripleChangePostProcessor] Completed lists after 0 ms -- TripleChangePostProcessor.log()
2017.05.01 10:55:04.778 CEST INFO: [TripleChangePostProcessor] Completed anonymous classes after 13 ms -- TripleChangePostProcessor.log()
2017.05.01 10:55:04.779 CEST INFO: [TripleChangePostProcessor] Completed deprecated classes after 1 ms -- TripleChangePostProcessor.log()
2017.05.01 10:55:04.826 CEST INFO: [TripleChangePostProcessor] Completed properties after 46 ms -- TripleChangePostProcessor.log()
2017.05.01 10:55:04.846 CEST INFO: [TripleChangePostProcessor] Completed named classes after 19 ms -- TripleChangePostProcessor.log()
2017.05.01 10:55:04.848 CEST INFO: ... Loading completed after 799 ms -- ProtegeOWLParser.loadTriples()
2017.05.01 11:37:16.526 CEST INFO: *** SYSTEM START ***
2017.05.01 11:37:17.264 CEST INFO: Loading triples -- ProtegeOWLParser.loadTriples()
2017.05.01 11:37:17.836 CEST INFO: [ProtegeOWLParser] Completed triple loading after 499 ms -- ProtegeOWLParser.loadTriples()
2017.05.01 11:37:17.868 CEST INFO: [TripleChangePostProcessor] Completed lists after 0 ms -- TripleChangePostProcessor.log()
2017.05.01 11:37:17.877 CEST INFO: [TripleChangePostProcessor] Completed anonymous classes after 7 ms -- TripleChangePostProcessor.log()
2017.05.01 11:37:17.879 CEST INFO: [TripleChangePostProcessor] Completed deprecated classes after 2 ms -- TripleChangePostProcessor.log()
2017.05.01 11:37:17.899 CEST INFO: [TripleChangePostProcessor] Completed properties after 20 ms -- TripleChangePostProcessor.log()
2017.05.01 11:37:17.915 CEST INFO: [TripleChangePostProcessor] Completed named classes after 13 ms -- TripleChangePostProcessor.log()
2017.05.01 11:37:17.918 CEST INFO: ... Loading completed after 581 ms -- ProtegeOWLParser.loadTriples()
2017.05.01 11:37:40.954 CEST INFO: *** SYSTEM START ***
2017.05.01 11:37:41.345 CEST INFO: Loading triples -- ProtegeOWLParser.loadTriples()
2017.05.01 11:37:41.636 CEST INFO: [ProtegeOWLParser] Completed triple loading after 278 ms -- ProtegeOWLParser.loadTriples()
2017.05.01 11:37:41.667 CEST INFO: [TripleChangePostProcessor] Completed lists after 0 ms -- TripleChangePostProcessor.log()
2017.05.01 11:37:41.675 CEST INFO: [TripleChangePostProcessor] Completed anonymous classes after 8 ms -- TripleChangePostProcessor.log()
2017.05.01 11:37:41.677 CEST INFO: [TripleChangePostProcessor] Completed deprecated classes after 1 ms -- TripleChangePostProcessor.log()
2017.05.01 11:37:41.720 CEST INFO: [TripleChangePostProcessor] Completed properties after 43 ms -- TripleChangePostProcessor.log()
2017.05.01 11:37:41.733 CEST INFO: [TripleChangePostProcessor] Completed named classes after 13 ms -- TripleChangePostProcessor.log()
2017.05.01 11:37:41.736 CEST INFO: ... Loading completed after 379 ms -- ProtegeOWLParser.loadTriples()
2017.05.01 14:18:36.664 CEST INFO: *** SYSTEM START ***
2017.05.01 14:18:37.370 CEST INFO: Loading triples -- ProtegeOWLParser.loadTriples()
2017.05.01 14:18:38.105 CEST INFO: [ProtegeOWLParser] Completed triple loading after 553 ms -- ProtegeOWLParser.loadTriples()
2017.05.01 14:18:38.138 CEST INFO: [TripleChangePostProcessor] Completed lists after 0 ms -- TripleChangePostProcessor.log()
2017.05.01 14:18:38.147 CEST INFO: [TripleChangePostProcessor] Completed anonymous classes after 9 ms -- TripleChangePostProcessor.log()
2017.05.01 14:18:38.149 CEST INFO: [TripleChangePostProcessor] Completed deprecated classes after 2 ms -- TripleChangePostProcessor.log()
2017.05.01 14:18:38.173 CEST INFO: [TripleChangePostProcessor] Completed properties after 22 ms -- TripleChangePostProcessor.log()
2017.05.01 14:18:38.187 CEST INFO: [TripleChangePostProcessor] Completed named classes after 13 ms -- TripleChangePostProcessor.log()
2017.05.01 14:18:38.189 CEST INFO: ... Loading completed after 638 ms -- ProtegeOWLParser.loadTriples()
2017.05.01 14:19:09.345 CEST INFO: *** SYSTEM START ***
2017.05.01 14:19:09.899 CEST INFO: Loading triples -- ProtegeOWLParser.loadTriples()
2017.05.01 14:19:10.571 CEST INFO: [ProtegeOWLParser] Completed triple loading after 516 ms -- ProtegeOWLParser.loadTriples()
2017.05.01 14:19:10.605 CEST INFO: [TripleChangePostProcessor] Completed lists after 0 ms -- TripleChangePostProcessor.log()
2017.05.01 14:19:10.615 CEST INFO: [TripleChangePostProcessor] Completed anonymous classes after 9 ms -- TripleChangePostProcessor.log()
2017.05.01 14:19:10.616 CEST INFO: [TripleChangePostProcessor] Completed deprecated classes after 1 ms -- TripleChangePostProcessor.log()
2017.05.01 14:19:10.637 CEST INFO: [TripleChangePostProcessor] Completed properties after 21 ms -- TripleChangePostProcessor.log()
2017.05.01 14:19:10.649 CEST INFO: [TripleChangePostProcessor] Completed named classes after 12 ms -- TripleChangePostProcessor.log()
2017.05.01 14:19:10.650 CEST INFO: ... Loading completed after 598 ms -- ProtegeOWLParser.loadTriples()
2017.05.01 14:21:16.308 CEST INFO: *** SYSTEM START ***
2017.05.01 14:21:17.051 CEST INFO: Loading triples -- ProtegeOWLParser.loadTriples()
2017.05.01 14:21:17.649 CEST INFO: [ProtegeOWLParser] Completed triple loading after 519 ms -- ProtegeOWLParser.loadTriples()
2017.05.01 14:21:17.680 CEST INFO: [TripleChangePostProcessor] Completed lists after 0 ms -- TripleChangePostProcessor.log()
2017.05.01 14:21:17.689 CEST INFO: [TripleChangePostProcessor] Completed anonymous classes after 6 ms -- TripleChangePostProcessor.log()
2017.05.01 14:21:17.690 CEST INFO: [TripleChangePostProcessor] Completed deprecated classes after 1 ms -- TripleChangePostProcessor.log()
2017.05.01 14:21:17.711 CEST INFO: [TripleChangePostProcessor] Completed properties after 21 ms -- TripleChangePostProcessor.log()
2017.05.01 14:21:17.724 CEST INFO: [TripleChangePostProcessor] Completed named classes after 11 ms -- TripleChangePostProcessor.log()
2017.05.01 14:21:17.727 CEST INFO: ... Loading completed after 596 ms -- ProtegeOWLParser.loadTriples()
2017.05.03 21:40:56.822 CEST INFO: *** SYSTEM START ***
2017.05.03 21:40:58.056 CEST INFO: Loading triples -- ProtegeOWLParser.loadTriples()
2017.05.03 21:40:58.805 CEST INFO: [ProtegeOWLParser] Completed triple loading after 594 ms -- ProtegeOWLParser.loadTriples()
2017.05.03 21:40:58.836 CEST INFO: [TripleChangePostProcessor] Completed lists after 0 ms -- TripleChangePostProcessor.log()
2017.05.03 21:40:58.852 CEST INFO: [TripleChangePostProcessor] Completed anonymous classes after 16 ms -- TripleChangePostProcessor.log()
2017.05.03 21:40:58.852 CEST INFO: [TripleChangePostProcessor] Completed deprecated classes after 0 ms -- TripleChangePostProcessor.log()
2017.05.03 21:40:58.883 CEST INFO: [TripleChangePostProcessor] Completed properties after 31 ms -- TripleChangePostProcessor.log()
2017.05.03 21:40:58.915 CEST INFO: [TripleChangePostProcessor] Completed named classes after 16 ms -- TripleChangePostProcessor.log()
2017.05.03 21:40:58.915 CEST INFO: ... Loading completed after 735 ms -- ProtegeOWLParser.loadTriples()
2017.05.03 22:01:12.111 CEST INFO: *** SYSTEM START ***
2017.05.03 22:01:12.470 CEST INFO: Loading triples -- ProtegeOWLParser.loadTriples()
2017.05.03 22:01:12.733 CEST INFO: [ProtegeOWLParser] Completed triple loading after 250 ms -- ProtegeOWLParser.loadTriples()
2017.05.03 22:01:12.764 CEST INFO: [TripleChangePostProcessor] Completed lists after 0 ms -- TripleChangePostProcessor.log()
2017.05.03 22:01:12.780 CEST INFO: [TripleChangePostProcessor] Completed anonymous classes after 16 ms -- TripleChangePostProcessor.log()
2017.05.03 22:01:12.780 CEST INFO: [TripleChangePostProcessor] Completed deprecated classes after 0 ms -- TripleChangePostProcessor.log()
2017.05.03 22:01:12.827 CEST INFO: [TripleChangePostProcessor] Completed properties after 47 ms -- TripleChangePostProcessor.log()
2017.05.03 22:01:12.842 CEST INFO: [TripleChangePostProcessor] Completed named classes after 15 ms -- TripleChangePostProcessor.log()
2017.05.03 22:01:12.842 CEST INFO: ... Loading completed after 359 ms -- ProtegeOWLParser.loadTriples()
2017.05.03 22:01:49.040 CEST INFO: *** SYSTEM START ***
2017.05.03 22:01:49.586 CEST INFO: Loading triples -- ProtegeOWLParser.loadTriples()
2017.05.03 22:01:49.868 CEST INFO: [ProtegeOWLParser] Completed triple loading after 266 ms -- ProtegeOWLParser.loadTriples()
2017.05.03 22:01:49.915 CEST INFO: [TripleChangePostProcessor] Completed lists after 0 ms -- TripleChangePostProcessor.log()
2017.05.03 22:01:49.931 CEST INFO: [TripleChangePostProcessor] Completed anonymous classes after 16 ms -- TripleChangePostProcessor.log()
2017.05.03 22:01:49.931 CEST INFO: [TripleChangePostProcessor] Completed deprecated classes after 0 ms -- TripleChangePostProcessor.log()
2017.05.03 22:01:49.962 CEST INFO: [TripleChangePostProcessor] Completed properties after 31 ms -- TripleChangePostProcessor.log()
2017.05.03 22:01:49.962 CEST INFO: [TripleChangePostProcessor] Completed named classes after 0 ms -- TripleChangePostProcessor.log()
2017.05.03 22:01:49.977 CEST INFO: ... Loading completed after 375 ms -- ProtegeOWLParser.loadTriples()
2017.05.03 22:03:09.922 CEST INFO: *** SYSTEM START ***
2017.05.03 22:03:10.328 CEST INFO: Loading triples -- ProtegeOWLParser.loadTriples()
2017.05.03 22:03:10.615 CEST INFO: [ProtegeOWLParser] Completed triple loading after 281 ms -- ProtegeOWLParser.loadTriples()
2017.05.03 22:03:10.678 CEST INFO: [TripleChangePostProcessor] Completed lists after 0 ms -- TripleChangePostProcessor.log()
2017.05.03 22:03:10.694 CEST INFO: [TripleChangePostProcessor] Completed anonymous classes after 16 ms -- TripleChangePostProcessor.log()
2017.05.03 22:03:10.694 CEST INFO: [TripleChangePostProcessor] Completed deprecated classes after 0 ms -- TripleChangePostProcessor.log()
2017.05.03 22:03:10.725 CEST INFO: [TripleChangePostProcessor] Completed properties after 31 ms -- TripleChangePostProcessor.log()
2017.05.03 22:03:10.740 CEST INFO: [TripleChangePostProcessor] Completed named classes after 15 ms -- TripleChangePostProcessor.log()
2017.05.03 22:03:10.740 CEST INFO: ... Loading completed after 406 ms -- ProtegeOWLParser.loadTriples()
2017.05.03 22:13:25.089 CEST INFO: *** SYSTEM START ***
2017.05.03 22:13:25.495 CEST INFO: Loading triples -- ProtegeOWLParser.loadTriples()
2017.05.03 22:13:25.761 CEST INFO: [ProtegeOWLParser] Completed triple loading after 250 ms -- ProtegeOWLParser.loadTriples()
2017.05.03 22:13:25.808 CEST INFO: [TripleChangePostProcessor] Completed lists after 0 ms -- TripleChangePostProcessor.log()
2017.05.03 22:13:25.823 CEST INFO: [TripleChangePostProcessor] Completed anonymous classes after 15 ms -- TripleChangePostProcessor.log()
2017.05.03 22:13:25.823 CEST INFO: [TripleChangePostProcessor] Completed deprecated classes after 0 ms -- TripleChangePostProcessor.log()
2017.05.03 22:13:25.855 CEST INFO: [TripleChangePostProcessor] Completed properties after 32 ms -- TripleChangePostProcessor.log()
2017.05.03 22:13:25.855 CEST INFO: [TripleChangePostProcessor] Completed named classes after 0 ms -- TripleChangePostProcessor.log()
2017.05.03 22:13:25.870 CEST INFO: ... Loading completed after 359 ms -- ProtegeOWLParser.loadTriples()
2017.05.03 22:24:26.507 CEST INFO: *** SYSTEM START ***
2017.05.03 22:24:26.866 CEST INFO: Loading triples -- ProtegeOWLParser.loadTriples()
2017.05.03 22:24:27.126 CEST INFO: [ProtegeOWLParser] Completed triple loading after 250 ms -- ProtegeOWLParser.loadTriples()
2017.05.03 22:24:27.157 CEST INFO: [TripleChangePostProcessor] Completed lists after 0 ms -- TripleChangePostProcessor.log()
2017.05.03 22:24:27.173 CEST INFO: [TripleChangePostProcessor] Completed anonymous classes after 16 ms -- TripleChangePostProcessor.log()
2017.05.03 22:24:27.173 CEST INFO: [TripleChangePostProcessor] Completed deprecated classes after 0 ms -- TripleChangePostProcessor.log()
2017.05.03 22:24:27.204 CEST INFO: [TripleChangePostProcessor] Completed properties after 31 ms -- TripleChangePostProcessor.log()
2017.05.03 22:24:27.220 CEST INFO: [TripleChangePostProcessor] Completed named classes after 16 ms -- TripleChangePostProcessor.log()
2017.05.03 22:24:27.220 CEST INFO: ... Loading completed after 344 ms -- ProtegeOWLParser.loadTriples()
2017.05.03 22:24:31.930 CEST INFO: Loading triples -- ProtegeOWLParser.loadTriples()
2017.05.03 22:24:32.102 CEST INFO: [ProtegeOWLParser] Completed triple loading after 157 ms -- ProtegeOWLParser.loadTriples()
2017.05.03 22:24:32.117 CEST INFO: [TripleChangePostProcessor] Completed lists after 0 ms -- TripleChangePostProcessor.log()
2017.05.03 22:24:32.117 CEST INFO: [TripleChangePostProcessor] Completed anonymous classes after 0 ms -- TripleChangePostProcessor.log()
2017.05.03 22:24:32.133 CEST INFO: [TripleChangePostProcessor] Completed deprecated classes after 0 ms -- TripleChangePostProcessor.log()
2017.05.03 22:24:32.133 CEST INFO: [TripleChangePostProcessor] Completed properties after 0 ms -- TripleChangePostProcessor.log()
2017.05.03 22:24:32.148 CEST INFO: [TripleChangePostProcessor] Completed named classes after 15 ms -- TripleChangePostProcessor.log()
2017.05.03 22:24:32.148 CEST INFO: ... Loading completed after 203 ms -- ProtegeOWLParser.loadTriples()
2017.05.03 22:24:33.598 CEST INFO: Loading triples -- ProtegeOWLParser.loadTriples()
2017.05.03 22:24:33.750 CEST INFO: [ProtegeOWLParser] Completed triple loading after 141 ms -- ProtegeOWLParser.loadTriples()
2017.05.03 22:24:33.751 CEST INFO: [TripleChangePostProcessor] Completed lists after 0 ms -- TripleChangePostProcessor.log()
2017.05.03 22:24:33.766 CEST INFO: [TripleChangePostProcessor] Completed anonymous classes after 15 ms -- TripleChangePostProcessor.log()
2017.05.03 22:24:33.766 CEST INFO: [TripleChangePostProcessor] Completed deprecated classes after 0 ms -- TripleChangePostProcessor.log()
2017.05.03 22:24:33.782 CEST INFO: [TripleChangePostProcessor] Completed properties after 16 ms -- TripleChangePostProcessor.log()
2017.05.03 22:24:33.782 CEST INFO: [TripleChangePostProcessor] Completed named classes after 0 ms -- TripleChangePostProcessor.log()
2017.05.03 22:24:33.782 CEST INFO: ... Loading completed after 184 ms -- ProtegeOWLParser.loadTriples()
2017.05.03 22:31:54.278 CEST INFO: *** SYSTEM START ***
2017.05.03 22:31:54.652 CEST INFO: Loading triples -- ProtegeOWLParser.loadTriples()
2017.05.03 22:31:54.919 CEST INFO: [ProtegeOWLParser] Completed triple loading after 250 ms -- ProtegeOWLParser.loadTriples()
2017.05.03 22:31:54.951 CEST INFO: [TripleChangePostProcessor] Completed lists after 0 ms -- TripleChangePostProcessor.log()
2017.05.03 22:31:54.966 CEST INFO: [TripleChangePostProcessor] Completed anonymous classes after 15 ms -- TripleChangePostProcessor.log()
2017.05.03 22:31:54.966 CEST INFO: [TripleChangePostProcessor] Completed deprecated classes after 0 ms -- TripleChangePostProcessor.log()
2017.05.03 22:31:55.013 CEST INFO: [TripleChangePostProcessor] Completed properties after 47 ms -- TripleChangePostProcessor.log()
2017.05.03 22:31:55.013 CEST INFO: [TripleChangePostProcessor] Completed named classes after 0 ms -- TripleChangePostProcessor.log()
2017.05.03 22:31:55.029 CEST INFO: ... Loading completed after 360 ms -- ProtegeOWLParser.loadTriples()
2017.05.09 22:11:46.042 CEST INFO: *** SYSTEM START ***
2017.05.09 22:11:46.948 CEST INFO: Loading triples -- ProtegeOWLParser.loadTriples()
2017.05.09 22:11:47.625 CEST INFO: [ProtegeOWLParser] Completed triple loading after 562 ms -- ProtegeOWLParser.loadTriples()
2017.05.09 22:11:47.688 CEST INFO: [TripleChangePostProcessor] Completed lists after 0 ms -- TripleChangePostProcessor.log()
2017.05.09 22:11:47.703 CEST INFO: [TripleChangePostProcessor] Completed anonymous classes after 15 ms -- TripleChangePostProcessor.log()
2017.05.09 22:11:47.703 CEST INFO: [TripleChangePostProcessor] Completed deprecated classes after 0 ms -- TripleChangePostProcessor.log()
2017.05.09 22:11:47.734 CEST INFO: [TripleChangePostProcessor] Completed properties after 31 ms -- TripleChangePostProcessor.log()
2017.05.09 22:11:47.750 CEST INFO: [TripleChangePostProcessor] Completed named classes after 16 ms -- TripleChangePostProcessor.log()
2017.05.09 22:11:47.750 CEST INFO: ... Loading completed after 703 ms -- ProtegeOWLParser.loadTriples()
2017.05.09 22:12:11.994 CEST INFO: *** SYSTEM START ***
2017.05.09 22:12:12.464 CEST INFO: Loading triples -- ProtegeOWLParser.loadTriples()
2017.05.09 22:12:12.778 CEST INFO: [ProtegeOWLParser] Completed triple loading after 313 ms -- ProtegeOWLParser.loadTriples()
2017.05.09 22:12:12.840 CEST INFO: [TripleChangePostProcessor] Completed lists after 0 ms -- TripleChangePostProcessor.log()
2017.05.09 22:12:12.840 CEST INFO: [TripleChangePostProcessor] Completed anonymous classes after 0 ms -- TripleChangePostProcessor.log()
2017.05.09 22:12:12.871 CEST INFO: [TripleChangePostProcessor] Completed deprecated classes after 31 ms -- TripleChangePostProcessor.log()
2017.05.09 22:12:12.903 CEST INFO: [TripleChangePostProcessor] Completed properties after 32 ms -- TripleChangePostProcessor.log()
2017.05.09 22:12:12.918 CEST INFO: [TripleChangePostProcessor] Completed named classes after 15 ms -- TripleChangePostProcessor.log()
2017.05.09 22:12:12.918 CEST INFO: ... Loading completed after 453 ms -- ProtegeOWLParser.loadTriples()
2017.05.09 22:12:18.573 CEST INFO: Loading triples -- ProtegeOWLParser.loadTriples()
2017.05.09 22:12:18.713 CEST INFO: [ProtegeOWLParser] Completed triple loading after 140 ms -- ProtegeOWLParser.loadTriples()
2017.05.09 22:12:18.729 CEST INFO: [TripleChangePostProcessor] Completed lists after 0 ms -- TripleChangePostProcessor.log()
2017.05.09 22:12:18.745 CEST INFO: [TripleChangePostProcessor] Completed anonymous classes after 0 ms -- TripleChangePostProcessor.log()
2017.05.09 22:12:18.745 CEST INFO: [TripleChangePostProcessor] Completed deprecated classes after 0 ms -- TripleChangePostProcessor.log()
2017.05.09 22:12:18.776 CEST INFO: [TripleChangePostProcessor] Completed properties after 31 ms -- TripleChangePostProcessor.log()
2017.05.09 22:12:18.792 CEST INFO: [TripleChangePostProcessor] Completed named classes after 16 ms -- TripleChangePostProcessor.log()
2017.05.09 22:12:18.792 CEST INFO: ... Loading completed after 219 ms -- ProtegeOWLParser.loadTriples()
2017.05.09 22:12:20.729 CEST INFO: Loading triples -- ProtegeOWLParser.loadTriples()
2017.05.09 22:12:20.843 CEST INFO: [ProtegeOWLParser] Completed triple loading after 111 ms -- ProtegeOWLParser.loadTriples()
2017.05.09 22:12:20.858 CEST INFO: [TripleChangePostProcessor] Completed lists after 0 ms -- TripleChangePostProcessor.log()
2017.05.09 22:12:20.874 CEST INFO: [TripleChangePostProcessor] Completed anonymous classes after 16 ms -- TripleChangePostProcessor.log()
2017.05.09 22:12:20.874 CEST INFO: [TripleChangePostProcessor] Completed deprecated classes after 0 ms -- TripleChangePostProcessor.log()
2017.05.09 22:12:20.890 CEST INFO: [TripleChangePostProcessor] Completed properties after 16 ms -- TripleChangePostProcessor.log()
2017.05.09 22:12:20.890 CEST INFO: [TripleChangePostProcessor] Completed named classes after 0 ms -- TripleChangePostProcessor.log()
2017.05.09 22:12:20.905 CEST INFO: ... Loading completed after 173 ms -- ProtegeOWLParser.loadTriples()
